-------------------------------------------------------------------------------
Test set: karate.KarateRunner
-------------------------------------------------------------------------------
Tests run: 1, Failures: 1, Errors: 0, Skipped: 0, Time elapsed: 7.978 s <<< FAILURE! - in karate.KarateRunner
testParallel  Time elapsed: 7.963 s  <<< FAILURE!
org.opentest4j.AssertionFailedError: 
status code was: 405, expected: 404, response time in milliseconds: 3750, url: https://api.test.getfivvy.com/payment-data/token/link/create?platform=android, response: 

classpath:karate/microservices/fivyy/payments.feature:14
status code was: 405, expected: 404, response time in milliseconds: 3762, url: https://api.test.getfivvy.com/payment-data/token/link/create?platform=androids, response: 

classpath:karate/microservices/fivyy/payments.feature:20
status code was: 403, expected: 404, response time in milliseconds: 4318, url: https://api.test.getfivvy.com/payment-data/token/link/create?platform=android, response: 
Invalid authorization token.
classpath:karate/microservices/fivyy/payments.feature:26 ==> expected: <0> but was: <3>
	at karate.KarateRunner.testParallel(KarateRunner.java:23)

