<testsuite failures="3" name="karate/microservices/fivyy/payments.feature" skipped="0" tests="4" time="14.617622"><testcase classname="karate.microservices.fivyy.payments" name="[1:4] Create incorrect path" time="1.911452"><system-out>Given url apiUrl2 ......................................................... passed
And path '/payment-datas/token/link/create?platform=android' .............. passed
When method Post .......................................................... passed
Then status 403 ........................................................... passed
</system-out></testcase>
<testcase classname="karate.microservices.fivyy.payments" name="[2:10] Create token link incorrect method" time="4.046818"><failure message="status code was: 405, expected: 404, response time in milliseconds: 3750, url: https://api.test.getfivvy.com/payment-data/token/link/create?platform=android, response: &#10;&#10;classpath:karate/microservices/fivyy/payments.feature:14">Given url apiUrl2 ......................................................... passed
And path '/payment-data/token/link/create?platform=android' ............... passed
When method Get ........................................................... passed
Then status 404 ........................................................... failed

Stack Trace:
com.intuit.karate.KarateException: status code was: 405, expected: 404, response time in milliseconds: 3750, url: https://api.test.getfivvy.com/payment-data/token/link/create?platform=android, response: 

classpath:karate/microservices/fivyy/payments.feature:14
	at &lt;feature&gt;.: Then status 404 (classpath:karate/microservices/fivyy/payments.feature:14:14)

</failure></testcase>
<testcase classname="karate.microservices.fivyy.payments" name="[3:16] Create token link incorrect params" time="4.045292"><failure message="status code was: 405, expected: 404, response time in milliseconds: 3762, url: https://api.test.getfivvy.com/payment-data/token/link/create?platform=androids, response: &#10;&#10;classpath:karate/microservices/fivyy/payments.feature:20">Given url apiUrl2 ......................................................... passed
And path '/payment-data/token/link/create?platform=androids' .............. passed
When method Get ........................................................... passed
Then status 404 ........................................................... failed

Stack Trace:
com.intuit.karate.KarateException: status code was: 405, expected: 404, response time in milliseconds: 3762, url: https://api.test.getfivvy.com/payment-data/token/link/create?platform=androids, response: 

classpath:karate/microservices/fivyy/payments.feature:20
	at &lt;feature&gt;.: Then status 404 (classpath:karate/microservices/fivyy/payments.feature:20:20)

</failure></testcase>
<testcase classname="karate.microservices.fivyy.payments" name="[4:22] Create token link" time="4.614059"><failure message="status code was: 403, expected: 404, response time in milliseconds: 4318, url: https://api.test.getfivvy.com/payment-data/token/link/create?platform=android, response: &#10;Invalid authorization token.&#10;classpath:karate/microservices/fivyy/payments.feature:26">Given url apiUrl2 ......................................................... passed
And path '/payment-data/token/link/create?platform=android' ............... passed
When method Post .......................................................... passed
Then status 404 ........................................................... failed

Stack Trace:
com.intuit.karate.KarateException: status code was: 403, expected: 404, response time in milliseconds: 4318, url: https://api.test.getfivvy.com/payment-data/token/link/create?platform=android, response: 
Invalid authorization token.
classpath:karate/microservices/fivyy/payments.feature:26
	at &lt;feature&gt;.: Then status 404 (classpath:karate/microservices/fivyy/payments.feature:26:26)

</failure></testcase>
</testsuite>